DROP USER hr CASCADE
          *
ERRO na linha 1:
ORA-01918: o usuário 'HR' não existe 



Usuário criado.


Usuário alterado.


Usuário alterado.


Concessão bem-sucedida.


Concessão bem-sucedida.

GRANT execute ON sys.dbms_stats TO hr
                     *
ERRO na linha 1:
ORA-01031: privilégios insuficientes 



Sessão alterada.


Session altered.


Session altered.

******  Creating REGIONS table ....

Table created.


Index created.


Table altered.

******  Creating COUNTRIES table ....

Table created.


Table altered.

******  Creating LOCATIONS table ....

Table created.


Index created.


Table altered.


Sequence created.

******  Creating DEPARTMENTS table ....

Table created.


Index created.


Table altered.


Sequence created.

******  Creating JOBS table ....

Table created.


Index created.


Table altered.

******  Creating EMPLOYEES table ....

Table created.


Index created.


Table altered.


Table altered.


Sequence created.

******  Creating JOB_HISTORY table ....

Table created.


Index created.


Table altered.

******  Creating EMP_DETAILS_VIEW view ...

View created.


Commit complete.


Session altered.

******  Populating REGIONS table ....

1 row created.


1 row created.


1 row created.


1 row created.

******  Populating COUNTIRES table ....

1 row created.


1 row created.


1 row created.


1 row created.


1 row created.


1 row created.


1 row created.


1 row created.


1 row created.


1 row created.


1 row created.


1 row created.


1 row created.


1 row created.


1 row created.


1 row created.


1 row created.


1 row created.


1 row created.


1 row created.


1 row created.


1 row created.


1 row created.


1 row created.


1 row created.

******  Populating LOCATIONS table ....

1 row created.


1 row created.


1 row created.


1 row created.


1 row created.


1 row created.


1 row created.


1 row created.


1 row created.


1 row created.


1 row created.


1 row created.


1 row created.


1 row created.


1 row created.


1 row created.


1 row created.


1 row created.


1 row created.


1 row created.


1 row created.


1 row created.


1 row created.

******  Populating DEPARTMENTS table ....

Table altered.


1 row created.


1 row created.


1 row created.


1 row created.


1 row created.


1 row created.


1 row created.


1 row created.


1 row created.


1 row created.


1 row created.


1 row created.


1 row created.


1 row created.


1 row created.


1 row created.


1 row created.


1 row created.


1 row created.


1 row created.


1 row created.


1 row created.


1 row created.


1 row created.


1 row created.


1 row created.


1 row created.

******  Populating JOBS table ....

1 row created.


1 row created.


1 row created.


1 row created.


1 row created.


1 row created.


1 row created.


1 row created.


1 row created.


1 row created.


1 row created.


1 row created.


1 row created.


1 row created.


1 row created.


1 row created.


1 row created.


1 row created.


1 row created.

******  Populating EMPLOYEES table ....

1 row created.


1 row created.


1 row created.


1 row created.


1 row created.


1 row created.


1 row created.


1 row created.


1 row created.


1 row created.


1 row created.


1 row created.


1 row created.


1 row created.


1 row created.


1 row created.


1 row created.


1 row created.


1 row created.


1 row created.


1 row created.


1 row created.


1 row created.


1 row created.


1 row created.


1 row created.


1 row created.


1 row created.


1 row created.


1 row created.


1 row created.


1 row created.


1 row created.


1 row created.


1 row created.


1 row created.


1 row created.


1 row created.


1 row created.


1 row created.


1 row created.


1 row created.


1 row created.


1 row created.


1 row created.


1 row created.


1 row created.


1 row created.


1 row created.


1 row created.


1 row created.


1 row created.


1 row created.


1 row created.


1 row created.


1 row created.


1 row created.


1 row created.


1 row created.


1 row created.


1 row created.


1 row created.


1 row created.


1 row created.


1 row created.


1 row created.


1 row created.


1 row created.


1 row created.


1 row created.


1 row created.


1 row created.


1 row created.


1 row created.


1 row created.


1 row created.


1 row created.


1 row created.


1 row created.


1 row created.


1 row created.


1 row created.


1 row created.


1 row created.


1 row created.


1 row created.


1 row created.


1 row created.


1 row created.


1 row created.


1 row created.


1 row created.


1 row created.


1 row created.


1 row created.


1 row created.


1 row created.


1 row created.


1 row created.


1 row created.


1 row created.


1 row created.


1 row created.


1 row created.


1 row created.


1 row created.


1 row created.

******  Populating JOB_HISTORY table ....

1 row created.


1 row created.


1 row created.


1 row created.


1 row created.


1 row created.


1 row created.


1 row created.


1 row created.


1 row created.


Table altered.


Commit complete.


Index created.


Index created.


Index created.


Index created.


Index created.


Index created.


Index created.


Index created.


Index created.


Index created.


Index created.


Commit complete.


Procedure created.


Trigger created.


Trigger altered.


Procedure created.


Trigger created.


Commit complete.


Comment created.


Comment created.


Comment created.


Comment created.


Comment created.


Comment created.


Comment created.


Comment created.


Comment created.


Comment created.


Comment created.


Comment created.


Comment created.


Comment created.


Comment created.


Comment created.


Comment created.


Comment created.


Comment created.


Comment created.


Comment created.


Comment created.


Comment created.


Comment created.


Comment created.


Comment created.


Comment created.


Comment created.


Comment created.


Comment created.


Comment created.


Comment created.


Comment created.


Comment created.


Comment created.


Comment created.


Comment created.


Comment created.


Comment created.


Commit complete.


PL/SQL procedure successfully completed.

